{
  "stats": {
    "suites": 8,
    "tests": 15,
    "passes": 15,
    "pending": 0,
    "failures": 0,
    "start": "2026-04-03T14:09:59.877Z",
    "end": "2026-04-03T14:10:00.084Z",
    "duration": 207,
    "testsRegistered": 15,
    "passPercent": 100,
    "pendingPercent": 0,
    "other": 0,
    "hasOther": false,
    "skipped": 0,
    "hasSkipped": false
  },
  "results": [
    {
      "uuid": "f1190963-b5a6-4f61-903b-ad3241ead7d9",
      "title": "",
      "fullFile": "",
      "file": "",
      "beforeHooks": [],
      "afterHooks": [],
      "tests": [],
      "suites": [
        {
          "uuid": "11fdba7a-233f-4e10-9f87-7c1adb6febd1",
          "title": "Aluno - POST /api/aluno",
          "fullFile": "C:\\projetos\\api-yoga\\tests\\aluno.test.js",
          "file": "\\tests\\aluno.test.js",
          "beforeHooks": [
            {
              "title": "\"before each\" hook in \"Aluno - POST /api/aluno\"",
              "fullTitle": "Aluno - POST /api/aluno \"before each\" hook in \"Aluno - POST /api/aluno\"",
              "timedOut": false,
              "duration": 0,
              "state": null,
              "speed": null,
              "pass": false,
              "fail": false,
              "pending": false,
              "context": null,
              "code": "AlunoService.limpar();",
              "err": {},
              "uuid": "3568ec08-e22e-4937-b931-e576a5f78165",
              "parentUUID": "11fdba7a-233f-4e10-9f87-7c1adb6febd1",
              "isHook": true,
              "skipped": false
            }
          ],
          "afterHooks": [],
          "tests": [],
          "suites": [
            {
              "uuid": "9914cea7-9faf-40b3-9803-379571d77076",
              "title": "Sucesso",
              "fullFile": "C:\\projetos\\api-yoga\\tests\\aluno.test.js",
              "file": "\\tests\\aluno.test.js",
              "beforeHooks": [],
              "afterHooks": [],
              "tests": [
                {
                  "title": "Deve cadastrar um novo aluno com dados válidos",
                  "fullTitle": "Aluno - POST /api/aluno Sucesso Deve cadastrar um novo aluno com dados válidos",
                  "timedOut": false,
                  "duration": 34,
                  "state": "passed",
                  "speed": "fast",
                  "pass": true,
                  "fail": false,
                  "pending": false,
                  "context": null,
                  "code": "request(app)\n  .post('/api/aluno')\n  .send(alunoFixture.alunoValido)\n  .expect(201)\n  .end((err, res) => {\n    if (err) return done(err);\n    expect(res.body).to.have.property('sucesso', true);\n    expect(res.body).to.have.property('mensagem');\n    expect(res.body).to.have.property('data');\n    expect(res.body.data).to.have.property('id');\n    expect(res.body.data).to.have.property('nome', alunoFixture.alunoValido.nome);\n    expect(res.body.data).to.have.property('cpf', alunoFixture.alunoValido.cpf);\n    expect(res.body.data).to.have.property('email', alunoFixture.alunoValido.email);\n    expect(res.body.data).to.have.property('telefone', alunoFixture.alunoValido.telefone);\n    expect(res.body.data).to.have.property('dataCriacao');\n    done();\n  });",
                  "err": {},
                  "uuid": "c4213afe-8252-4846-be4b-bc180b1f00ad",
                  "parentUUID": "9914cea7-9faf-40b3-9803-379571d77076",
                  "isHook": false,
                  "skipped": false
                },
                {
                  "title": "Deve cadastrar múltiplos alunos com dados válidos",
                  "fullTitle": "Aluno - POST /api/aluno Sucesso Deve cadastrar múltiplos alunos com dados válidos",
                  "timedOut": false,
                  "duration": 10,
                  "state": "passed",
                  "speed": "fast",
                  "pass": true,
                  "fail": false,
                  "pending": false,
                  "context": null,
                  "code": "request(app)\n  .post('/api/aluno')\n  .send(alunoFixture.alunoValido)\n  .expect(201)\n  .end((err, res1) => {\n    if (err) return done(err);\n    expect(res1.body.sucesso).to.equal(true);\n    request(app)\n      .post('/api/aluno')\n      .send(alunoFixture.alunoValido2)\n      .expect(201)\n      .end((err, res2) => {\n        if (err) return done(err);\n        expect(res2.body.sucesso).to.equal(true);\n        expect(res1.body.data.id).to.not.equal(res2.body.data.id);\n        done();\n      });\n  });",
                  "err": {},
                  "uuid": "bd755e6f-f952-45ac-be94-1484b6d50827",
                  "parentUUID": "9914cea7-9faf-40b3-9803-379571d77076",
                  "isHook": false,
                  "skipped": false
                }
              ],
              "suites": [],
              "passes": [
                "c4213afe-8252-4846-be4b-bc180b1f00ad",
                "bd755e6f-f952-45ac-be94-1484b6d50827"
              ],
              "failures": [],
              "pending": [],
              "skipped": [],
              "duration": 44,
              "root": false,
              "rootEmpty": false,
              "_timeout": 2000
            },
            {
              "uuid": "0863bb2d-b1e0-4950-878e-70f8409e588d",
              "title": "Erro - Campos obrigatórios",
              "fullFile": "C:\\projetos\\api-yoga\\tests\\aluno.test.js",
              "file": "\\tests\\aluno.test.js",
              "beforeHooks": [],
              "afterHooks": [],
              "tests": [
                {
                  "title": "Deve retornar erro 400 quando o corpo da requisição está vazio",
                  "fullTitle": "Aluno - POST /api/aluno Erro - Campos obrigatórios Deve retornar erro 400 quando o corpo da requisição está vazio",
                  "timedOut": false,
                  "duration": 5,
                  "state": "passed",
                  "speed": "fast",
                  "pass": true,
                  "fail": false,
                  "pending": false,
                  "context": null,
                  "code": "request(app)\n  .post('/api/aluno')\n  .send(alunoFixture.alunoVazio)\n  .expect(400)\n  .end((err, res) => {\n    if (err) return done(err);\n    expect(res.body).to.have.property('erro');\n    expect(res.body).to.have.property('mensagem');\n    expect(res.body.erro).to.equal('Corpo da requisição vazio');\n    done();\n  });",
                  "err": {},
                  "uuid": "ebd8b3b5-93d3-4047-af52-4d5915f8dde0",
                  "parentUUID": "0863bb2d-b1e0-4950-878e-70f8409e588d",
                  "isHook": false,
                  "skipped": false
                },
                {
                  "title": "Deve retornar erro 400 quando falta o campo nome",
                  "fullTitle": "Aluno - POST /api/aluno Erro - Campos obrigatórios Deve retornar erro 400 quando falta o campo nome",
                  "timedOut": false,
                  "duration": 6,
                  "state": "passed",
                  "speed": "fast",
                  "pass": true,
                  "fail": false,
                  "pending": false,
                  "context": null,
                  "code": "request(app)\n  .post('/api/aluno')\n  .send(alunoFixture.alunoSemNome)\n  .expect(400)\n  .end((err, res) => {\n    if (err) return done(err);\n    expect(res.body).to.have.property('erro', 'Dados inválidos');\n    expect(res.body.mensagem).to.include('obrigatórios');\n    done();\n  });",
                  "err": {},
                  "uuid": "82cadf3a-fcb4-40cd-8a25-932fda4f341c",
                  "parentUUID": "0863bb2d-b1e0-4950-878e-70f8409e588d",
                  "isHook": false,
                  "skipped": false
                },
                {
                  "title": "Deve retornar erro 400 quando falta o campo CPF",
                  "fullTitle": "Aluno - POST /api/aluno Erro - Campos obrigatórios Deve retornar erro 400 quando falta o campo CPF",
                  "timedOut": false,
                  "duration": 7,
                  "state": "passed",
                  "speed": "fast",
                  "pass": true,
                  "fail": false,
                  "pending": false,
                  "context": null,
                  "code": "request(app)\n  .post('/api/aluno')\n  .send(alunoFixture.alunoSemCPF)\n  .expect(400)\n  .end((err, res) => {\n    if (err) return done(err);\n    expect(res.body).to.have.property('erro', 'Dados inválidos');\n    expect(res.body.mensagem).to.include('obrigatórios');\n    done();\n  });",
                  "err": {},
                  "uuid": "e9be7afc-c671-456c-a87f-2e6a653981c6",
                  "parentUUID": "0863bb2d-b1e0-4950-878e-70f8409e588d",
                  "isHook": false,
                  "skipped": false
                },
                {
                  "title": "Deve retornar erro 400 quando falta o campo email",
                  "fullTitle": "Aluno - POST /api/aluno Erro - Campos obrigatórios Deve retornar erro 400 quando falta o campo email",
                  "timedOut": false,
                  "duration": 6,
                  "state": "passed",
                  "speed": "fast",
                  "pass": true,
                  "fail": false,
                  "pending": false,
                  "context": null,
                  "code": "request(app)\n  .post('/api/aluno')\n  .send(alunoFixture.alunoSemEmail)\n  .expect(400)\n  .end((err, res) => {\n    if (err) return done(err);\n    expect(res.body).to.have.property('erro', 'Dados inválidos');\n    expect(res.body.mensagem).to.include('obrigatórios');\n    done();\n  });",
                  "err": {},
                  "uuid": "57f0b4ca-5a92-4cb2-82be-63e053d8d498",
                  "parentUUID": "0863bb2d-b1e0-4950-878e-70f8409e588d",
                  "isHook": false,
                  "skipped": false
                },
                {
                  "title": "Deve retornar erro 400 quando falta o campo telefone",
                  "fullTitle": "Aluno - POST /api/aluno Erro - Campos obrigatórios Deve retornar erro 400 quando falta o campo telefone",
                  "timedOut": false,
                  "duration": 8,
                  "state": "passed",
                  "speed": "fast",
                  "pass": true,
                  "fail": false,
                  "pending": false,
                  "context": null,
                  "code": "request(app)\n  .post('/api/aluno')\n  .send(alunoFixture.alunoSemTelefone)\n  .expect(400)\n  .end((err, res) => {\n    if (err) return done(err);\n    expect(res.body).to.have.property('erro', 'Dados inválidos');\n    expect(res.body.mensagem).to.include('obrigatórios');\n    done();\n  });",
                  "err": {},
                  "uuid": "9423d3a6-60f9-446f-a1d1-2e2425d628a8",
                  "parentUUID": "0863bb2d-b1e0-4950-878e-70f8409e588d",
                  "isHook": false,
                  "skipped": false
                }
              ],
              "suites": [],
              "passes": [
                "ebd8b3b5-93d3-4047-af52-4d5915f8dde0",
                "82cadf3a-fcb4-40cd-8a25-932fda4f341c",
                "e9be7afc-c671-456c-a87f-2e6a653981c6",
                "57f0b4ca-5a92-4cb2-82be-63e053d8d498",
                "9423d3a6-60f9-446f-a1d1-2e2425d628a8"
              ],
              "failures": [],
              "pending": [],
              "skipped": [],
              "duration": 32,
              "root": false,
              "rootEmpty": false,
              "_timeout": 2000
            },
            {
              "uuid": "c712713d-e9de-48a5-ae49-4f99588ede08",
              "title": "Erro - Validação de tipos",
              "fullFile": "C:\\projetos\\api-yoga\\tests\\aluno.test.js",
              "file": "\\tests\\aluno.test.js",
              "beforeHooks": [],
              "afterHooks": [],
              "tests": [
                {
                  "title": "Deve retornar erro 400 quando CPF não é numérico",
                  "fullTitle": "Aluno - POST /api/aluno Erro - Validação de tipos Deve retornar erro 400 quando CPF não é numérico",
                  "timedOut": false,
                  "duration": 12,
                  "state": "passed",
                  "speed": "fast",
                  "pass": true,
                  "fail": false,
                  "pending": false,
                  "context": null,
                  "code": "request(app)\n  .post('/api/aluno')\n  .send(alunoFixture.alunoComCPFInvalido)\n  .expect(400)\n  .end((err, res) => {\n    if (err) return done(err);\n    expect(res.body).to.have.property('erro', 'Dados inválidos');\n    expect(res.body.mensagem).to.include('CPF');\n    done();\n  });",
                  "err": {},
                  "uuid": "07b36c55-18cd-42d6-9c4d-e1dd949730f7",
                  "parentUUID": "c712713d-e9de-48a5-ae49-4f99588ede08",
                  "isHook": false,
                  "skipped": false
                },
                {
                  "title": "Deve retornar erro 400 quando telefone não é numérico",
                  "fullTitle": "Aluno - POST /api/aluno Erro - Validação de tipos Deve retornar erro 400 quando telefone não é numérico",
                  "timedOut": false,
                  "duration": 16,
                  "state": "passed",
                  "speed": "fast",
                  "pass": true,
                  "fail": false,
                  "pending": false,
                  "context": null,
                  "code": "request(app)\n  .post('/api/aluno')\n  .send(alunoFixture.alunoComTelefoneInvalido)\n  .expect(400)\n  .end((err, res) => {\n    if (err) return done(err);\n    expect(res.body).to.have.property('erro', 'Dados inválidos');\n    expect(res.body.mensagem).to.include('Telefone');\n    done();\n  });",
                  "err": {},
                  "uuid": "d350ceb1-b586-4b63-a5f5-e86a35a82421",
                  "parentUUID": "c712713d-e9de-48a5-ae49-4f99588ede08",
                  "isHook": false,
                  "skipped": false
                }
              ],
              "suites": [],
              "passes": [
                "07b36c55-18cd-42d6-9c4d-e1dd949730f7",
                "d350ceb1-b586-4b63-a5f5-e86a35a82421"
              ],
              "failures": [],
              "pending": [],
              "skipped": [],
              "duration": 28,
              "root": false,
              "rootEmpty": false,
              "_timeout": 2000
            },
            {
              "uuid": "80b231be-1c31-4ae6-bd27-1fe3cfc0c9b1",
              "title": "Erro - Validação de email",
              "fullFile": "C:\\projetos\\api-yoga\\tests\\aluno.test.js",
              "file": "\\tests\\aluno.test.js",
              "beforeHooks": [],
              "afterHooks": [],
              "tests": [
                {
                  "title": "Deve retornar erro 400 quando email é inválido",
                  "fullTitle": "Aluno - POST /api/aluno Erro - Validação de email Deve retornar erro 400 quando email é inválido",
                  "timedOut": false,
                  "duration": 18,
                  "state": "passed",
                  "speed": "fast",
                  "pass": true,
                  "fail": false,
                  "pending": false,
                  "context": null,
                  "code": "request(app)\n  .post('/api/aluno')\n  .send(alunoFixture.alunoComEmailInvalido)\n  .expect(400)\n  .end((err, res) => {\n    if (err) return done(err);\n    expect(res.body).to.have.property('erro', 'Dados inválidos');\n    expect(res.body.mensagem).to.include('Email inválido');\n    done();\n  });",
                  "err": {},
                  "uuid": "3b6bb256-d38d-43b0-adbd-eafd6a9a1653",
                  "parentUUID": "80b231be-1c31-4ae6-bd27-1fe3cfc0c9b1",
                  "isHook": false,
                  "skipped": false
                }
              ],
              "suites": [],
              "passes": [
                "3b6bb256-d38d-43b0-adbd-eafd6a9a1653"
              ],
              "failures": [],
              "pending": [],
              "skipped": [],
              "duration": 18,
              "root": false,
              "rootEmpty": false,
              "_timeout": 2000
            },
            {
              "uuid": "1b954c9e-376b-459e-acf0-dcf99f405151",
              "title": "Erro - Duplicação de dados",
              "fullFile": "C:\\projetos\\api-yoga\\tests\\aluno.test.js",
              "file": "\\tests\\aluno.test.js",
              "beforeHooks": [],
              "afterHooks": [],
              "tests": [
                {
                  "title": "Deve retornar erro 409 quando CPF já está cadastrado",
                  "fullTitle": "Aluno - POST /api/aluno Erro - Duplicação de dados Deve retornar erro 409 quando CPF já está cadastrado",
                  "timedOut": false,
                  "duration": 15,
                  "state": "passed",
                  "speed": "fast",
                  "pass": true,
                  "fail": false,
                  "pending": false,
                  "context": null,
                  "code": "request(app)\n  .post('/api/aluno')\n  .send(alunoFixture.alunoValido)\n  .expect(201)\n  .end((err, res1) => {\n    if (err) return done(err);\n    // Tentar cadastrar com o mesmo CPF\n    request(app)\n      .post('/api/aluno')\n      .send({\n        ...alunoFixture.alunoValido,\n        email: 'email-diferente@example.com'\n      })\n      .expect(409)\n      .end((err, res2) => {\n        if (err) return done(err);\n        expect(res2.body).to.have.property('erro', 'Conflito');\n        expect(res2.body.mensagem).to.include('CPF já cadastrado');\n        done();\n      });\n  });",
                  "err": {},
                  "uuid": "d972c777-725e-4aa8-9df4-8431ad94208f",
                  "parentUUID": "1b954c9e-376b-459e-acf0-dcf99f405151",
                  "isHook": false,
                  "skipped": false
                },
                {
                  "title": "Deve retornar erro 409 quando email já está cadastrado",
                  "fullTitle": "Aluno - POST /api/aluno Erro - Duplicação de dados Deve retornar erro 409 quando email já está cadastrado",
                  "timedOut": false,
                  "duration": 19,
                  "state": "passed",
                  "speed": "fast",
                  "pass": true,
                  "fail": false,
                  "pending": false,
                  "context": null,
                  "code": "request(app)\n  .post('/api/aluno')\n  .send(alunoFixture.alunoValido)\n  .expect(201)\n  .end((err, res1) => {\n    if (err) return done(err);\n    // Tentar cadastrar com o mesmo email\n    request(app)\n      .post('/api/aluno')\n      .send({\n        ...alunoFixture.alunoValido,\n        cpf: 99999999999\n      })\n      .expect(409)\n      .end((err, res2) => {\n        if (err) return done(err);\n        expect(res2.body).to.have.property('erro', 'Conflito');\n        expect(res2.body.mensagem).to.include('Email já cadastrado');\n        done();\n      });\n  });",
                  "err": {},
                  "uuid": "7e647f3a-7adb-4308-b2a0-99c4aef38678",
                  "parentUUID": "1b954c9e-376b-459e-acf0-dcf99f405151",
                  "isHook": false,
                  "skipped": false
                }
              ],
              "suites": [],
              "passes": [
                "d972c777-725e-4aa8-9df4-8431ad94208f",
                "7e647f3a-7adb-4308-b2a0-99c4aef38678"
              ],
              "failures": [],
              "pending": [],
              "skipped": [],
              "duration": 34,
              "root": false,
              "rootEmpty": false,
              "_timeout": 2000
            },
            {
              "uuid": "55c846c7-699f-459d-9133-c9fe9c0f1175",
              "title": "Integração",
              "fullFile": "C:\\projetos\\api-yoga\\tests\\aluno.test.js",
              "file": "\\tests\\aluno.test.js",
              "beforeHooks": [],
              "afterHooks": [],
              "tests": [
                {
                  "title": "Deve persistir os dados em memória após cadastro",
                  "fullTitle": "Aluno - POST /api/aluno Integração Deve persistir os dados em memória após cadastro",
                  "timedOut": false,
                  "duration": 6,
                  "state": "passed",
                  "speed": "fast",
                  "pass": true,
                  "fail": false,
                  "pending": false,
                  "context": null,
                  "code": "request(app)\n  .post('/api/aluno')\n  .send(alunoFixture.alunoValido)\n  .expect(201)\n  .end((err, res) => {\n    if (err) return done(err);\n    // Verificar se está em memória\n    const alunosEmMemoria = AlunoService.getAlunos();\n    expect(alunosEmMemoria).to.have.length(1);\n    expect(alunosEmMemoria[0].email).to.equal(alunoFixture.alunoValido.email);\n    done();\n  });",
                  "err": {},
                  "uuid": "5c4e3009-ae45-4574-b08f-c5fbc330a212",
                  "parentUUID": "55c846c7-699f-459d-9133-c9fe9c0f1175",
                  "isHook": false,
                  "skipped": false
                },
                {
                  "title": "Deve limpar dados de memória entre testes",
                  "fullTitle": "Aluno - POST /api/aluno Integração Deve limpar dados de memória entre testes",
                  "timedOut": false,
                  "duration": 8,
                  "state": "passed",
                  "speed": "fast",
                  "pass": true,
                  "fail": false,
                  "pending": false,
                  "context": null,
                  "code": "AlunoService.limpar();\n\nconst alunosAntes = AlunoService.getAlunos();\nexpect(alunosAntes).to.have.length(0);\nrequest(app)\n  .post('/api/aluno')\n  .send(alunoFixture.alunoValido)\n  .expect(201)\n  .end((err, res) => {\n    if (err) return done(err);\n    const alunosCadastrados = AlunoService.getAlunos();\n    expect(alunosCadastrados).to.have.length(1);\n    done();\n  });",
                  "err": {},
                  "uuid": "475cb185-2750-43d8-9fd1-c243107a771f",
                  "parentUUID": "55c846c7-699f-459d-9133-c9fe9c0f1175",
                  "isHook": false,
                  "skipped": false
                }
              ],
              "suites": [],
              "passes": [
                "5c4e3009-ae45-4574-b08f-c5fbc330a212",
                "475cb185-2750-43d8-9fd1-c243107a771f"
              ],
              "failures": [],
              "pending": [],
              "skipped": [],
              "duration": 14,
              "root": false,
              "rootEmpty": false,
              "_timeout": 2000
            }
          ],
          "passes": [],
          "failures": [],
          "pending": [],
          "skipped": [],
          "duration": 0,
          "root": false,
          "rootEmpty": false,
          "_timeout": 2000
        },
        {
          "uuid": "d922ca1a-6dbd-40bc-8418-a919dac57ab6",
          "title": "Aula",
          "fullFile": "C:\\projetos\\api-yoga\\tests\\aula.test.js",
          "file": "\\tests\\aula.test.js",
          "beforeHooks": [],
          "afterHooks": [],
          "tests": [
            {
              "title": "Aulas ainda não foram implementadas",
              "fullTitle": "Aula Aulas ainda não foram implementadas",
              "timedOut": false,
              "duration": 0,
              "state": "passed",
              "speed": "fast",
              "pass": true,
              "fail": false,
              "pending": false,
              "context": null,
              "code": "// Placeholder para testes de aula\n// A ser implementado conforme novos requisitos\nexpect(true).to.equal(true);\ndone();",
              "err": {},
              "uuid": "c080f0c3-1f3d-4043-a6f0-d428eadf6fd3",
              "parentUUID": "d922ca1a-6dbd-40bc-8418-a919dac57ab6",
              "isHook": false,
              "skipped": false
            }
          ],
          "suites": [],
          "passes": [
            "c080f0c3-1f3d-4043-a6f0-d428eadf6fd3"
          ],
          "failures": [],
          "pending": [],
          "skipped": [],
          "duration": 0,
          "root": false,
          "rootEmpty": false,
          "_timeout": 2000
        }
      ],
      "passes": [],
      "failures": [],
      "pending": [],
      "skipped": [],
      "duration": 0,
      "root": true,
      "rootEmpty": true,
      "_timeout": 2000
    }
  ],
  "meta": {
    "mocha": {
      "version": "10.8.2"
    },
    "mochawesome": {
      "options": {
        "quiet": false,
        "reportFilename": "mochawesome",
        "saveHtml": true,
        "saveJson": true,
        "consoleReporter": "spec",
        "useInlineDiffs": false,
        "code": true
      },
      "version": "7.1.4"
    },
    "marge": {
      "options": null,
      "version": "6.3.2"
    }
  }
}